============================ * JH PROGRAM SUITE * ==============================
======================== * Procedure BAYLESS-RICCI * ===========================
Version 1.00 for Windows (32 bit)
Compiled 2017-11-12 using X11-BASIC
(C) Alan Liska & Veronika Ruzickova, 2017
================================================================================
INPUT
================================================================================
Base: HN2O2-
Atom A group and period: 5, 2
Formal charge of atom A: -1
Formal charge of atom X: 2
Number of atoms A and B capable of being protonized: 3
Bayless-Ricci equation constants: -59.7, 12, 0.29, 55.2, 98.4 and 225
================================================================================
RESULTS
================================================================================
PHREEQC STYLE COMPATIBLE INPUT
HN2O2- + H+ = H2N2O2
     log_k    6.73
================================================================================
REFERENCES:
[1] Philip L. Bayless, J. Chem. Ed. 60 (1983) 546-547.
[2] John E. Ricci, J. Am. Chem. Soc. 70(1) (1948) 109-113.
[3] Itamar Bodek, Warren J. Lyman, William F. Reehl, David H. Rosenblatt (Eds.):
 Environmental Inorganic Chemistry. Properties, Processes, and Estimation
 Methods. Pergamon Press, New York, Oxford, Beijing, Frankfurt, Sao Paulo,
 Sydney, Tokyo, Toronto 1988.
ACKNOWLEDGEMENTS
Markus Hoffmann: X11-BASIC, Version 1.25, 1997-2017, x11-basic.sourceforge.net
(Interpreter & Compiler)
================================================================================
Execution of JH-Bayless-Ricci.exe terminated NORMALLY, 12.11.2017, 20:15:40.
