============================ * JH PROGRAM SUITE * ==============================
=========================== * Procedure BAYLESS * ==============================
Version 1.00 for Windows (32 bit)
Compiled 2017-11-10 using X11-BASIC
(C) Alan Liska & Veronika Ruzickova, 2017
================================================================================
INPUT DATA
================================================================================
Acid: 	SeH-
Equation coefficients: 73.7, -11.71, -0.29 and -378.6
================================================================================
RESULTS
================================================================================
PHREEQC STYLE COMPATIBLE INPUT
HSe- = H+ + Se-2
     log_k   -9.59
================================================================================
REFERENCES:
[1] Philip L. Bayless, J. Chem. Ed. 60 (1983) 546-547.
[2] Itamar Bodek, Warren J. Lyman, William F. Reehl, David H. Rosenblatt (Eds.):
 Environmental Inorganic Chemistry. Properties, Processes, and Estimation
 Methods. Pergamon Press, New York, Oxford, Beijing, Frankfurt, Sao Paulo,
 Sydney, Tokyo, Toronto 1988.
ACKNOWLEDGEMENTS
Markus Hoffmann: X11-BASIC, Version 1.25, 1997-2017, x11-basic.sourceforge.net
(Interpreter & Compiler)
================================================================================
Execution of JH-Bayless.exe terminated NORMALLY, 10.11.2017, 20:38:10.
