=========================== * JH PROGRAM SUITE * ===============================
========================= * Procedure BROWN-SYLVA * ============================
Version 1.00 for Windows (32 bit)
Compiled 2017-10-30 using X11-BASIC
(C) Alan Liska & Veronika Ruzickova, 2017
================================================================================
INPUT
================================================================================
Lewis acid: Fe+3
Lewis acid charge = 3
Ion radius =  72.0 pm (Stockar)
Electronicity =  1.11
d-orbitals parameter = 1
s-orbitals parameter = 0
d-orbitals principal quantum number = 3
Slater function = 1
d-electrons = 5

Lewis base: OH-
Lewis base charge = -1
Conjugate acid pKa = 13.85
Anion type ligand parameter = 0
================================================================================
RESULTS
================================================================================
Lewis acid
==========
Model of calculation: Brown

Lewis base
==========
Model of calculation: Parr

Ionization potential =  13.00 eV
Electron affinity =   1.83 eV
Hardness =   5.58 eV
Electronicity =   1.41 eV

PHREEQC STYLE COMPATIBLE INPUT

FeO(OH)
FeO(OH) + H2O = Fe+3 + 3 OH-
     log_k   -5.78
================================================================================
REFERENCES:
[1] Paul Leslie Brown, Ronald N. Sylva, AAEC/E656 1987 (patent).
[2] Paul Leslie Brown, Ronald N. Sylva, J. Chem. Soc., Dalton Trans. 4 (1985)
 723-730.
[3] Paul Leslie Brown, Heinz Wanner: Predicted formation constants using the
 unified theory of metal ion complexation. Organisation for Economic Co-
 operation and Development, Nuclear Energy Agency, Paris 1987.
[4] Paul Leslie Brown, Christian Ekberg: Hydrolysis of Metal Ions, Volume 1-2.
 Wiley-VCH, Weinheim 2016.
[5] R. D. Shannon, Acta Cryst. A32 (1976) 751-767.
[6] Nils Wiberg: Lehrbuch der Anorganischen Chemie, 102. Auflage. Walter de
 Gruyter, Berlin 2007.
[7] Klaus Stockar, Helvetica Chimica Acta 33(6) (1950) 1409-1420.
[8] Robert G. Parr, Ralph G. Pearson, J. Am. Chem. Soc. 105 (1983) 7512-7516.
[9] G. Klopman, J. Am. Chem. Soc. 90(2) (1968) 223-234.
[10] Stepan S. Batsanov, Andrei S. Batsanov: Introduction to Structural
 Chemistry. Springer, Dordrecht 2012.
[11] V. A. Rabinovic, Z. Ja. Chavin: Strucna chemicka prirucka. SNTL,
 Praha 1985.
[12] Jiri Vohlidal, Alois Julak, Karel Stulik: Chemicke a analyticke tabulky.
 GRADA Publishing, Praha 1999.
[13] B. P. Nikolski: Handbuch des Chemikers, Band I. VEB Verlag Technik,
 Berlin 1956.
ACKNOWLEDGEMENTS
Markus Hoffmann: X11-BASIC, Version 1.25, 1997-2017, x11-basic.sourceforge.net
(Interpreter & Compiler)
================================================================================
Execution of JH-Brown3.exe terminated NORMALLY, 30.10.2017; 14:53:27.
