============================ * JH PROGRAM SUITE * ==============================
========================= * Procedure EIGEN-FUOSS I * ==========================
Version 1.01 for Windows (32 bit)
Compiled 2018-02-13 using X11-BASIC
(C) Alan Liska & Veronika Ruzickova, 2018
================================================================================
INPUT
================================================================================
Cation: Fe+3

Anion: PO4-3

Distance of closest approach =  300.0 pm (custom value)

Debye-Hueckel interionic potential = -53.0 kJ/mol

Temperature =  25.00 °C
Solvent relative permittivity =  78.54
Ionic strength =  0.000 mol/l
================================================================================
RESULTS
================================================================================
PHREEQC STYLE COMPATIBLE INPUT
Fe+3 + PO4-3 = FePO4
     log_k    8.12
================================================================================
REFERENCES:
[1] Manfred Eigen, Z. Phys. Chem. 1 (1954) 176-200.
[2] Manfred Eigen, Z. Electrochem. 64 (1960) 115-130.
[3] Raymond M. Fuoss, J. Am. Chem. Soc. 80(19) (1958) 5059-5061.
[4] Itamar Bodek, Warren J. Lyman, William F. Reehl, David H. Rosenblatt (Eds.):
 Environmental Inorganic Chemistry. Properties, Processes, and Estimation
 Methods. Pergamon Press, New York, Oxford, Beijing, Frankfurt, Sao Paulo,
 Sydney, Tokyo, Toronto 1988.
ACKNOWLEDGEMENTS
Markus Hoffmann: X11-BASIC, Version 1.25, 1997-2018, x11-basic.sourceforge.net
(Interpreter & Compiler)
================================================================================
Execution of JH-Eigen-Fuoss1.exe terminated NORMALLY, 13.02.2018, 21:13:49.
