============================ * JH PROGRAM SUITE * ==============================
======================== * Procedure EIGEN-FUOSS II * ==========================
Version 1.00 for Windows (32 bit)
Compiled 2018-02-12 using X11-BASIC
(C) Alan Liska & Veronika Ruzickova, 2018
================================================================================
INPUT
================================================================================
Central ion: Na+
Ligand: Cl-

Distance of closest approach =  237.7 pm (charge approximated)

Debye-Hueckel interionic potential =  -7.4 kJ/mol

Temperature =  25.00 °C
Solvent relative permittivity =  78.54
Ionic strength =  0.000 mol/l
================================================================================
RESULTS
================================================================================
Outer-sphere association constant, log K(os):  -0.17
Ligand exchange rate constant, log k(L):   8.90

PHREEQC STYLE COMPATIBLE INPUT

RATES
Title
-start
10 if (MOL("[Na+]+") <= 1e-15) then goto 200
20 if (MOL("[Cl-]-") <= 1e-15) then goto 200
100 moles = 794328234.7243 * 0.6801145644485 * MOL("[Na+]+") * MOL("[Cl-]-")
200 SAVE moles
-end

KINETICS
Title
-formula [Na+]+ -1 [Cl-]- -1 [NaCl] 1
================================================================================
REFERENCES:
[1] Manfred Eigen, Z. Phys. Chem. 1 (1954) 176-200.
[2] Manfred Eigen, Z. Electrochem. 64 (1960) 115-130.
[3] Raymond M. Fuoss, J. Am. Chem. Soc. 80(19) (1958) 5059-5061.
[4] Itamar Bodek, Warren J. Lyman, William F. Reehl, David H. Rosenblatt (Eds.):
 Environmental Inorganic Chemistry. Properties, Processes, and Estimation
 Methods. Pergamon Press, New York, Oxford, Beijing, Frankfurt, Sao Paulo,
 Sydney, Tokyo, Toronto 1988.
[5] Ralph G. Wilkins: Kinetics and Mechanism of Reactions of Transition Metal
 Complexes, 2nd Edition. Wiley-VCH, Weinheim 2002.
ACKNOWLEDGEMENTS
Markus Hoffmann: X11-BASIC, Version 1.25, 1997-2018, x11-basic.sourceforge.net
(Interpreter & Compiler)
================================================================================
Execution of JH-Eigen-Fuoss2.exe terminated NORMALLY, 12.02.2018, 15:37:19.
