============================ * JH PROGRAM SUITE * ==============================
========================== * Procedure EDWARDS I * =============================
Version 1.03 for Windows (32 bit)
Compiled 2018-03-18 using X11-BASIC
(C) Alan Liska & Veronika Ruzickova, 2018
================================================================================
INPUT DATA
================================================================================
Lewis acid: 	Zn+2	Lewis base: 	Cl-
Coordination number: 	4
Lewis acid parameters: 
alpha =  5.94
beta =  0.65
Lewis base parameters: 
En =  1.24
H = -3.00
================================================================================
RESULTS
================================================================================
Redox potential of oxidative anion-dimerization, EḞ =  -1.36 Volts
Conjugated acid pKa =  -4.74
Stability constant, log K1 =   5.42
 
PHREEQC STYLE COMPATIBLE INPUT
Zn+2 + 4 Cl- = ZnCl4-2
     log_k    5.42
================================================================================
REFERENCES:
[1] John O. Edwards, J. Am. Chem. Soc. 76(6) (1954) 1540.
ACKNOWLEDGEMENTS
Markus Hoffmann: X11-BASIC, Version 1.25, 1997-2018, x11-basic.sourceforge.net
(Interpreter & Compiler)
================================================================================
Execution of JH-Edwards1.exe terminated NORMALLY, 18.03.2018, 19:07:57.
